Analysis & Synthesis report for SimpleCPU_Template
Tue Apr 28 11:22:34 2020
Quartus II 64-Bit Version 13.0.1 Build 232 06/12/2013 Service Pack 1 SJ Web Edition


---------------------
; Table of Contents ;
---------------------
  1. Legal Notice
  2. Analysis & Synthesis Summary
  3. Analysis & Synthesis Settings
  4. Parallel Compilation
  5. Analysis & Synthesis Source Files Read
  6. Analysis & Synthesis Resource Usage Summary
  7. Analysis & Synthesis Resource Utilization by Entity
  8. Analysis & Synthesis RAM Summary
  9. State Machine - |SimpleCPU_Template|ControlUnit:ControlUnitA|current_state
 10. Registers Removed During Synthesis
 11. General Register Statistics
 12. Inverted Register Statistics
 13. Registers Added for RAM Pass-Through Logic
 14. Multiplexer Restructuring Statistics (Restructuring Performed)
 15. Source assignments for memory_8_by_32:ramA|altsyncram:Z_rtl_0|altsyncram_bfo1:auto_generated
 16. Parameter Settings for Inferred Entity Instance: memory_8_by_32:ramA|altsyncram:Z_rtl_0
 17. altsyncram Parameter Settings by Entity Instance
 18. Port Connectivity Checks: "reg:MarA"
 19. Elapsed Time Per Partition
 20. Analysis & Synthesis Messages



----------------
; Legal Notice ;
----------------
Copyright (C) 1991-2013 Altera Corporation
Your use of Altera Corporation's design tools, logic functions 
and other software and tools, and its AMPP partner logic 
functions, and any output files from any of the foregoing 
(including device programming or simulation files), and any 
associated documentation or information are expressly subject 
to the terms and conditions of the Altera Program License 
Subscription Agreement, Altera MegaCore Function License 
Agreement, or other applicable license agreement, including, 
without limitation, that your use is for the sole purpose of 
programming logic devices manufactured by Altera and sold by 
Altera or its authorized distributors.  Please refer to the 
applicable agreement for further details.



+--------------------------------------------------------------------------------------+
; Analysis & Synthesis Summary                                                         ;
+------------------------------------+-------------------------------------------------+
; Analysis & Synthesis Status        ; Successful - Tue Apr 28 11:22:34 2020           ;
; Quartus II 64-Bit Version          ; 13.0.1 Build 232 06/12/2013 SP 1 SJ Web Edition ;
; Revision Name                      ; SimpleCPU_Template                              ;
; Top-level Entity Name              ; SimpleCPU_Template                              ;
; Family                             ; Cyclone II                                      ;
; Total logic elements               ; 112                                             ;
;     Total combinational functions  ; 62                                              ;
;     Dedicated logic registers      ; 87                                              ;
; Total registers                    ; 87                                              ;
; Total pins                         ; 50                                              ;
; Total virtual pins                 ; 0                                               ;
; Total memory bits                  ; 256                                             ;
; Embedded Multiplier 9-bit elements ; 0                                               ;
; Total PLLs                         ; 0                                               ;
+------------------------------------+-------------------------------------------------+


+----------------------------------------------------------------------------------------------------------------------+
; Analysis & Synthesis Settings                                                                                        ;
+----------------------------------------------------------------------------+--------------------+--------------------+
; Option                                                                     ; Setting            ; Default Value      ;
+----------------------------------------------------------------------------+--------------------+--------------------+
; Device                                                                     ; EP2C35F672C6       ;                    ;
; Top-level entity name                                                      ; SimpleCPU_Template ; SimpleCPU_Template ;
; Family name                                                                ; Cyclone II         ; Cyclone IV GX      ;
; Use smart compilation                                                      ; Off                ; Off                ;
; Enable parallel Assembler and TimeQuest Timing Analyzer during compilation ; On                 ; On                 ;
; Enable compact report table                                                ; Off                ; Off                ;
; Restructure Multiplexers                                                   ; Auto               ; Auto               ;
; Create Debugging Nodes for IP Cores                                        ; Off                ; Off                ;
; Preserve fewer node names                                                  ; On                 ; On                 ;
; Disable OpenCore Plus hardware evaluation                                  ; Off                ; Off                ;
; Verilog Version                                                            ; Verilog_2001       ; Verilog_2001       ;
; VHDL Version                                                               ; VHDL_1993          ; VHDL_1993          ;
; State Machine Processing                                                   ; Auto               ; Auto               ;
; Safe State Machine                                                         ; Off                ; Off                ;
; Extract Verilog State Machines                                             ; On                 ; On                 ;
; Extract VHDL State Machines                                                ; On                 ; On                 ;
; Ignore Verilog initial constructs                                          ; Off                ; Off                ;
; Iteration limit for constant Verilog loops                                 ; 5000               ; 5000               ;
; Iteration limit for non-constant Verilog loops                             ; 250                ; 250                ;
; Add Pass-Through Logic to Inferred RAMs                                    ; On                 ; On                 ;
; Infer RAMs from Raw Logic                                                  ; On                 ; On                 ;
; Parallel Synthesis                                                         ; On                 ; On                 ;
; DSP Block Balancing                                                        ; Auto               ; Auto               ;
; NOT Gate Push-Back                                                         ; On                 ; On                 ;
; Power-Up Don't Care                                                        ; On                 ; On                 ;
; Remove Redundant Logic Cells                                               ; Off                ; Off                ;
; Remove Duplicate Registers                                                 ; On                 ; On                 ;
; Ignore CARRY Buffers                                                       ; Off                ; Off                ;
; Ignore CASCADE Buffers                                                     ; Off                ; Off                ;
; Ignore GLOBAL Buffers                                                      ; Off                ; Off                ;
; Ignore ROW GLOBAL Buffers                                                  ; Off                ; Off                ;
; Ignore LCELL Buffers                                                       ; Off                ; Off                ;
; Ignore SOFT Buffers                                                        ; On                 ; On                 ;
; Limit AHDL Integers to 32 Bits                                             ; Off                ; Off                ;
; Optimization Technique                                                     ; Balanced           ; Balanced           ;
; Carry Chain Length                                                         ; 70                 ; 70                 ;
; Auto Carry Chains                                                          ; On                 ; On                 ;
; Auto Open-Drain Pins                                                       ; On                 ; On                 ;
; Perform WYSIWYG Primitive Resynthesis                                      ; Off                ; Off                ;
; Auto ROM Replacement                                                       ; On                 ; On                 ;
; Auto RAM Replacement                                                       ; On                 ; On                 ;
; Auto Shift Register Replacement                                            ; Auto               ; Auto               ;
; Allow Shift Register Merging across Hierarchies                            ; Auto               ; Auto               ;
; Auto Clock Enable Replacement                                              ; On                 ; On                 ;
; Strict RAM Replacement                                                     ; Off                ; Off                ;
; Allow Synchronous Control Signals                                          ; On                 ; On                 ;
; Force Use of Synchronous Clear Signals                                     ; Off                ; Off                ;
; Auto RAM to Logic Cell Conversion                                          ; Off                ; Off                ;
; Auto Resource Sharing                                                      ; Off                ; Off                ;
; Allow Any RAM Size For Recognition                                         ; Off                ; Off                ;
; Allow Any ROM Size For Recognition                                         ; Off                ; Off                ;
; Allow Any Shift Register Size For Recognition                              ; Off                ; Off                ;
; Use LogicLock Constraints during Resource Balancing                        ; On                 ; On                 ;
; Ignore translate_off and synthesis_off directives                          ; Off                ; Off                ;
; Timing-Driven Synthesis                                                    ; Off                ; Off                ;
; Report Parameter Settings                                                  ; On                 ; On                 ;
; Report Source Assignments                                                  ; On                 ; On                 ;
; Report Connectivity Checks                                                 ; On                 ; On                 ;
; Ignore Maximum Fan-Out Assignments                                         ; Off                ; Off                ;
; Synchronization Register Chain Length                                      ; 2                  ; 2                  ;
; PowerPlay Power Optimization                                               ; Normal compilation ; Normal compilation ;
; HDL message level                                                          ; Level2             ; Level2             ;
; Suppress Register Optimization Related Messages                            ; Off                ; Off                ;
; Number of Removed Registers Reported in Synthesis Report                   ; 5000               ; 5000               ;
; Number of Swept Nodes Reported in Synthesis Report                         ; 5000               ; 5000               ;
; Number of Inverted Registers Reported in Synthesis Report                  ; 100                ; 100                ;
; Clock MUX Protection                                                       ; On                 ; On                 ;
; Auto Gated Clock Conversion                                                ; Off                ; Off                ;
; Block Design Naming                                                        ; Auto               ; Auto               ;
; SDC constraint protection                                                  ; Off                ; Off                ;
; Synthesis Effort                                                           ; Auto               ; Auto               ;
; Shift Register Replacement - Allow Asynchronous Clear Signal               ; On                 ; On                 ;
; Pre-Mapping Resynthesis Optimization                                       ; Off                ; Off                ;
; Analysis & Synthesis Message Level                                         ; Medium             ; Medium             ;
; Disable Register Merging Across Hierarchies                                ; Auto               ; Auto               ;
; Resource Aware Inference For Block RAM                                     ; On                 ; On                 ;
; Synthesis Seed                                                             ; 1                  ; 1                  ;
+----------------------------------------------------------------------------+--------------------+--------------------+


Parallel compilation was disabled, but you have multiple processors available. Enable parallel compilation to reduce compilation time.
+-------------------------------------+
; Parallel Compilation                ;
+----------------------------+--------+
; Processors                 ; Number ;
+----------------------------+--------+
; Number detected on machine ; 8      ;
; Maximum allowed            ; 1      ;
+----------------------------+--------+


+----------------------------------------------------------------------------------------------------------------------------------------------------------------------------------------------------------------------------------------------------------------------------------------------------+
; Analysis & Synthesis Source Files Read                                                                                                                                                                                                                                                             ;
+------------------------------------------------------------+-----------------+-------------------------------------------------------+---------------------------------------------------------------------------------------------------------------------------------------------------+---------+
; File Name with User-Entered Path                           ; Used in Netlist ; File Type                                             ; File Name with Absolute Path                                                                                                                      ; Library ;
+------------------------------------------------------------+-----------------+-------------------------------------------------------+---------------------------------------------------------------------------------------------------------------------------------------------------+---------+
; SimpleCPU_Template.vhd                                     ; yes             ; User VHDL File                                        ; C:/Users/kk_la/Desktop/College Stuff/SPRING 2020/CPE 271/CPE Labs/ACTUAL FINAL PROJECT/SimpleCPU_Template.vhd                                     ;         ;
; memory_8_by_32.vhd                                         ; yes             ; Auto-Found VHDL File                                  ; C:/Users/kk_la/Desktop/College Stuff/SPRING 2020/CPE 271/CPE Labs/ACTUAL FINAL PROJECT/memory_8_by_32.vhd                                         ;         ;
; reg.vhd                                                    ; yes             ; Auto-Found VHDL File                                  ; C:/Users/kk_la/Desktop/College Stuff/SPRING 2020/CPE 271/CPE Labs/ACTUAL FINAL PROJECT/reg.vhd                                                    ;         ;
; alu.vhd                                                    ; yes             ; Auto-Found VHDL File                                  ; C:/Users/kk_la/Desktop/College Stuff/SPRING 2020/CPE 271/CPE Labs/ACTUAL FINAL PROJECT/alu.vhd                                                    ;         ;
; programcounter.vhd                                         ; yes             ; Auto-Found VHDL File                                  ; C:/Users/kk_la/Desktop/College Stuff/SPRING 2020/CPE 271/CPE Labs/ACTUAL FINAL PROJECT/programcounter.vhd                                         ;         ;
; twotoonemux.vhd                                            ; yes             ; Auto-Found VHDL File                                  ; C:/Users/kk_la/Desktop/College Stuff/SPRING 2020/CPE 271/CPE Labs/ACTUAL FINAL PROJECT/twotoonemux.vhd                                            ;         ;
; controlunit.vhd                                            ; yes             ; Auto-Found VHDL File                                  ; C:/Users/kk_la/Desktop/College Stuff/SPRING 2020/CPE 271/CPE Labs/ACTUAL FINAL PROJECT/controlunit.vhd                                            ;         ;
; altsyncram.tdf                                             ; yes             ; Megafunction                                          ; c:/altera/13.0sp1/quartus/libraries/megafunctions/altsyncram.tdf                                                                                  ;         ;
; stratix_ram_block.inc                                      ; yes             ; Megafunction                                          ; c:/altera/13.0sp1/quartus/libraries/megafunctions/stratix_ram_block.inc                                                                           ;         ;
; lpm_mux.inc                                                ; yes             ; Megafunction                                          ; c:/altera/13.0sp1/quartus/libraries/megafunctions/lpm_mux.inc                                                                                     ;         ;
; lpm_decode.inc                                             ; yes             ; Megafunction                                          ; c:/altera/13.0sp1/quartus/libraries/megafunctions/lpm_decode.inc                                                                                  ;         ;
; aglobal130.inc                                             ; yes             ; Megafunction                                          ; c:/altera/13.0sp1/quartus/libraries/megafunctions/aglobal130.inc                                                                                  ;         ;
; a_rdenreg.inc                                              ; yes             ; Megafunction                                          ; c:/altera/13.0sp1/quartus/libraries/megafunctions/a_rdenreg.inc                                                                                   ;         ;
; altrom.inc                                                 ; yes             ; Megafunction                                          ; c:/altera/13.0sp1/quartus/libraries/megafunctions/altrom.inc                                                                                      ;         ;
; altram.inc                                                 ; yes             ; Megafunction                                          ; c:/altera/13.0sp1/quartus/libraries/megafunctions/altram.inc                                                                                      ;         ;
; altdpram.inc                                               ; yes             ; Megafunction                                          ; c:/altera/13.0sp1/quartus/libraries/megafunctions/altdpram.inc                                                                                    ;         ;
; db/altsyncram_bfo1.tdf                                     ; yes             ; Auto-Generated Megafunction                           ; C:/Users/kk_la/Desktop/College Stuff/SPRING 2020/CPE 271/CPE Labs/ACTUAL FINAL PROJECT/db/altsyncram_bfo1.tdf                                     ;         ;
; db/simplecpu_template.ram0_memory_8_by_32_5fcc3761.hdl.mif ; yes             ; Auto-Generated Auto-Found Memory Initialization File  ; C:/Users/kk_la/Desktop/College Stuff/SPRING 2020/CPE 271/CPE Labs/ACTUAL FINAL PROJECT/db/simplecpu_template.ram0_memory_8_by_32_5fcc3761.hdl.mif ;         ;
+------------------------------------------------------------+-----------------+-------------------------------------------------------+---------------------------------------------------------------------------------------------------------------------------------------------------+---------+


+-----------------------------------------------------+
; Analysis & Synthesis Resource Usage Summary         ;
+---------------------------------------------+-------+
; Resource                                    ; Usage ;
+---------------------------------------------+-------+
; Estimated Total logic elements              ; 112   ;
;                                             ;       ;
; Total combinational functions               ; 62    ;
; Logic element usage by number of LUT inputs ;       ;
;     -- 4 input functions                    ; 14    ;
;     -- 3 input functions                    ; 34    ;
;     -- <=2 input functions                  ; 14    ;
;                                             ;       ;
; Logic elements by mode                      ;       ;
;     -- normal mode                          ; 49    ;
;     -- arithmetic mode                      ; 13    ;
;                                             ;       ;
; Total registers                             ; 87    ;
;     -- Dedicated logic registers            ; 87    ;
;     -- I/O registers                        ; 0     ;
;                                             ;       ;
; I/O pins                                    ; 50    ;
; Total memory bits                           ; 256   ;
; Embedded Multiplier 9-bit elements          ; 0     ;
; Maximum fan-out node                        ; clk   ;
; Maximum fan-out                             ; 95    ;
; Total fan-out                               ; 566   ;
; Average fan-out                             ; 2.73  ;
+---------------------------------------------+-------+


+------------------------------------------------------------------------------------------------------------------------------------------------------------------------------------------------------------------------------------------------------------------+
; Analysis & Synthesis Resource Utilization by Entity                                                                                                                                                                                                              ;
+-------------------------------------------+-------------------+--------------+-------------+--------------+---------+-----------+------+--------------+-------------------------------------------------------------------------------------------+--------------+
; Compilation Hierarchy Node                ; LC Combinationals ; LC Registers ; Memory Bits ; DSP Elements ; DSP 9x9 ; DSP 18x18 ; Pins ; Virtual Pins ; Full Hierarchy Name                                                                       ; Library Name ;
+-------------------------------------------+-------------------+--------------+-------------+--------------+---------+-----------+------+--------------+-------------------------------------------------------------------------------------------+--------------+
; |SimpleCPU_Template                       ; 62 (0)            ; 87 (0)       ; 256         ; 0            ; 0       ; 0         ; 50   ; 0            ; |SimpleCPU_Template                                                                       ; work         ;
;    |ControlUnit:ControlUnitA|             ; 11 (11)           ; 16 (16)      ; 0           ; 0            ; 0       ; 0         ; 0    ; 0            ; |SimpleCPU_Template|ControlUnit:ControlUnitA                                              ; work         ;
;    |ProgramCounter:ProgramCounterA|       ; 8 (8)             ; 11 (11)      ; 0           ; 0            ; 0       ; 0         ; 0    ; 0            ; |SimpleCPU_Template|ProgramCounter:ProgramCounterA                                        ; work         ;
;    |TwoToOneMux:MuxA|                     ; 5 (5)             ; 0 (0)        ; 0           ; 0            ; 0       ; 0         ; 0    ; 0            ; |SimpleCPU_Template|TwoToOneMux:MuxA                                                      ; work         ;
;    |alu:aluA|                             ; 24 (24)           ; 0 (0)        ; 0           ; 0            ; 0       ; 0         ; 0    ; 0            ; |SimpleCPU_Template|alu:aluA                                                              ; work         ;
;    |memory_8_by_32:ramA|                  ; 14 (14)           ; 23 (23)      ; 256         ; 0            ; 0       ; 0         ; 0    ; 0            ; |SimpleCPU_Template|memory_8_by_32:ramA                                                   ; work         ;
;       |altsyncram:Z_rtl_0|                ; 0 (0)             ; 0 (0)        ; 256         ; 0            ; 0       ; 0         ; 0    ; 0            ; |SimpleCPU_Template|memory_8_by_32:ramA|altsyncram:Z_rtl_0                                ; work         ;
;          |altsyncram_bfo1:auto_generated| ; 0 (0)             ; 0 (0)        ; 256         ; 0            ; 0       ; 0         ; 0    ; 0            ; |SimpleCPU_Template|memory_8_by_32:ramA|altsyncram:Z_rtl_0|altsyncram_bfo1:auto_generated ; work         ;
;    |reg:InstructionRegisterA|             ; 0 (0)             ; 8 (8)        ; 0           ; 0            ; 0       ; 0         ; 0    ; 0            ; |SimpleCPU_Template|reg:InstructionRegisterA                                              ; work         ;
;    |reg:MarA|                             ; 0 (0)             ; 5 (5)        ; 0           ; 0            ; 0       ; 0         ; 0    ; 0            ; |SimpleCPU_Template|reg:MarA                                                              ; work         ;
;    |reg:MdriA|                            ; 0 (0)             ; 8 (8)        ; 0           ; 0            ; 0       ; 0         ; 0    ; 0            ; |SimpleCPU_Template|reg:MdriA                                                             ; work         ;
;    |reg:MdroA|                            ; 0 (0)             ; 8 (8)        ; 0           ; 0            ; 0       ; 0         ; 0    ; 0            ; |SimpleCPU_Template|reg:MdroA                                                             ; work         ;
;    |reg:accumA|                           ; 0 (0)             ; 8 (8)        ; 0           ; 0            ; 0       ; 0         ; 0    ; 0            ; |SimpleCPU_Template|reg:accumA                                                            ; work         ;
+-------------------------------------------+-------------------+--------------+-------------+--------------+---------+-----------+------+--------------+-------------------------------------------------------------------------------------------+--------------+
Note: For table entries with two numbers listed, the numbers in parentheses indicate the number of resources of the given type used by the specific entity alone. The numbers listed outside of parentheses indicate the total resources of the given type used by the specific entity and all of its sub-entities in the hierarchy.


+--------------------------------------------------------------------------------------------------------------------------------------------------------------------------------------------------------------------------------------------+
; Analysis & Synthesis RAM Summary                                                                                                                                                                                                           ;
+----------------------------------------------------------------------------------+------+------------------+--------------+--------------+--------------+--------------+------+------------------------------------------------------------+
; Name                                                                             ; Type ; Mode             ; Port A Depth ; Port A Width ; Port B Depth ; Port B Width ; Size ; MIF                                                        ;
+----------------------------------------------------------------------------------+------+------------------+--------------+--------------+--------------+--------------+------+------------------------------------------------------------+
; memory_8_by_32:ramA|altsyncram:Z_rtl_0|altsyncram_bfo1:auto_generated|ALTSYNCRAM ; AUTO ; Simple Dual Port ; 32           ; 8            ; 32           ; 8            ; 256  ; db/SimpleCPU_Template.ram0_memory_8_by_32_5fcc3761.hdl.mif ;
+----------------------------------------------------------------------------------+------+------------------+--------------+--------------+--------------+--------------+------+------------------------------------------------------------+


Encoding Type:  One-Hot
+-----------------------------------------------------------------------------------------------------------------------------------------------------------------------------------------------------------------------------------------------------------------------------------------------------------------------------------------------------------------------------------------------------------------------------------------------------------------------------------------------------------+
; State Machine - |SimpleCPU_Template|ControlUnit:ControlUnitA|current_state                                                                                                                                                                                                                                                                                                                                                                                                                                ;
+---------------------------------+----------------------------+------------------------------+------------------------------+---------------------------------+------------------------------+-----------------------------+-----------------------------+---------------------------+------------------------------+-----------------------------+-----------------------------+----------------------+-----------------------+-------------------------+------------------------+------------------------+
; Name                            ; current_state.increment_pc ; current_state.staa_write_mem ; current_state.staa_load_mdro ; current_state.adaa_store_load_a ; current_state.adaa_load_mdri ; current_state.adaa_read_mem ; current_state.adaa_load_mar ; current_state.ldaa_load_a ; current_state.ldaa_load_mdri ; current_state.ldaa_read_mem ; current_state.ldaa_load_mar ; current_state.decode ; current_state.load_ir ; current_state.load_mdri ; current_state.read_mem ; current_state.load_mar ;
+---------------------------------+----------------------------+------------------------------+------------------------------+---------------------------------+------------------------------+-----------------------------+-----------------------------+---------------------------+------------------------------+-----------------------------+-----------------------------+----------------------+-----------------------+-------------------------+------------------------+------------------------+
; current_state.load_mar          ; 0                          ; 0                            ; 0                            ; 0                               ; 0                            ; 0                           ; 0                           ; 0                         ; 0                            ; 0                           ; 0                           ; 0                    ; 0                     ; 0                       ; 0                      ; 0                      ;
; current_state.read_mem          ; 0                          ; 0                            ; 0                            ; 0                               ; 0                            ; 0                           ; 0                           ; 0                         ; 0                            ; 0                           ; 0                           ; 0                    ; 0                     ; 0                       ; 1                      ; 1                      ;
; current_state.load_mdri         ; 0                          ; 0                            ; 0                            ; 0                               ; 0                            ; 0                           ; 0                           ; 0                         ; 0                            ; 0                           ; 0                           ; 0                    ; 0                     ; 1                       ; 0                      ; 1                      ;
; current_state.load_ir           ; 0                          ; 0                            ; 0                            ; 0                               ; 0                            ; 0                           ; 0                           ; 0                         ; 0                            ; 0                           ; 0                           ; 0                    ; 1                     ; 0                       ; 0                      ; 1                      ;
; current_state.decode            ; 0                          ; 0                            ; 0                            ; 0                               ; 0                            ; 0                           ; 0                           ; 0                         ; 0                            ; 0                           ; 0                           ; 1                    ; 0                     ; 0                       ; 0                      ; 1                      ;
; current_state.ldaa_load_mar     ; 0                          ; 0                            ; 0                            ; 0                               ; 0                            ; 0                           ; 0                           ; 0                         ; 0                            ; 0                           ; 1                           ; 0                    ; 0                     ; 0                       ; 0                      ; 1                      ;
; current_state.ldaa_read_mem     ; 0                          ; 0                            ; 0                            ; 0                               ; 0                            ; 0                           ; 0                           ; 0                         ; 0                            ; 1                           ; 0                           ; 0                    ; 0                     ; 0                       ; 0                      ; 1                      ;
; current_state.ldaa_load_mdri    ; 0                          ; 0                            ; 0                            ; 0                               ; 0                            ; 0                           ; 0                           ; 0                         ; 1                            ; 0                           ; 0                           ; 0                    ; 0                     ; 0                       ; 0                      ; 1                      ;
; current_state.ldaa_load_a       ; 0                          ; 0                            ; 0                            ; 0                               ; 0                            ; 0                           ; 0                           ; 1                         ; 0                            ; 0                           ; 0                           ; 0                    ; 0                     ; 0                       ; 0                      ; 1                      ;
; current_state.adaa_load_mar     ; 0                          ; 0                            ; 0                            ; 0                               ; 0                            ; 0                           ; 1                           ; 0                         ; 0                            ; 0                           ; 0                           ; 0                    ; 0                     ; 0                       ; 0                      ; 1                      ;
; current_state.adaa_read_mem     ; 0                          ; 0                            ; 0                            ; 0                               ; 0                            ; 1                           ; 0                           ; 0                         ; 0                            ; 0                           ; 0                           ; 0                    ; 0                     ; 0                       ; 0                      ; 1                      ;
; current_state.adaa_load_mdri    ; 0                          ; 0                            ; 0                            ; 0                               ; 1                            ; 0                           ; 0                           ; 0                         ; 0                            ; 0                           ; 0                           ; 0                    ; 0                     ; 0                       ; 0                      ; 1                      ;
; current_state.adaa_store_load_a ; 0                          ; 0                            ; 0                            ; 1                               ; 0                            ; 0                           ; 0                           ; 0                         ; 0                            ; 0                           ; 0                           ; 0                    ; 0                     ; 0                       ; 0                      ; 1                      ;
; current_state.staa_load_mdro    ; 0                          ; 0                            ; 1                            ; 0                               ; 0                            ; 0                           ; 0                           ; 0                         ; 0                            ; 0                           ; 0                           ; 0                    ; 0                     ; 0                       ; 0                      ; 1                      ;
; current_state.staa_write_mem    ; 0                          ; 1                            ; 0                            ; 0                               ; 0                            ; 0                           ; 0                           ; 0                         ; 0                            ; 0                           ; 0                           ; 0                    ; 0                     ; 0                       ; 0                      ; 1                      ;
; current_state.increment_pc      ; 1                          ; 0                            ; 0                            ; 0                               ; 0                            ; 0                           ; 0                           ; 0                         ; 0                            ; 0                           ; 0                           ; 0                    ; 0                     ; 0                       ; 0                      ; 1                      ;
+---------------------------------+----------------------------+------------------------------+------------------------------+---------------------------------+------------------------------+-----------------------------+-----------------------------+---------------------------+------------------------------+-----------------------------+-----------------------------+----------------------+-----------------------+-------------------------+------------------------+------------------------+


+------------------------------------------------------------------------------------------------------+
; Registers Removed During Synthesis                                                                   ;
+-----------------------------------------------+------------------------------------------------------+
; Register name                                 ; Reason for Removal                                   ;
+-----------------------------------------------+------------------------------------------------------+
; ProgramCounter:ProgramCounterA|counter[0]     ; Merged with ProgramCounter:ProgramCounterA|output[0] ;
; ProgramCounter:ProgramCounterA|counter[1]     ; Merged with ProgramCounter:ProgramCounterA|output[1] ;
; ProgramCounter:ProgramCounterA|counter[2]     ; Merged with ProgramCounter:ProgramCounterA|output[2] ;
; ProgramCounter:ProgramCounterA|counter[3]     ; Merged with ProgramCounter:ProgramCounterA|output[3] ;
; ProgramCounter:ProgramCounterA|counter[4]     ; Merged with ProgramCounter:ProgramCounterA|output[4] ;
; memory_8_by_32:ramA|Z_rtl_0_bypass[26]        ; Merged with memory_8_by_32:ramA|Z_rtl_0_bypass[24]   ;
; memory_8_by_32:ramA|Z_rtl_0_bypass[24]        ; Merged with memory_8_by_32:ramA|Z_rtl_0_bypass[22]   ;
; memory_8_by_32:ramA|Z_rtl_0_bypass[22]        ; Merged with memory_8_by_32:ramA|Z_rtl_0_bypass[20]   ;
; memory_8_by_32:ramA|Z_rtl_0_bypass[20]        ; Merged with memory_8_by_32:ramA|Z_rtl_0_bypass[18]   ;
; memory_8_by_32:ramA|Z_rtl_0_bypass[18]        ; Merged with memory_8_by_32:ramA|Z_rtl_0_bypass[16]   ;
; memory_8_by_32:ramA|Z_rtl_0_bypass[16]        ; Merged with memory_8_by_32:ramA|Z_rtl_0_bypass[14]   ;
; memory_8_by_32:ramA|Z_rtl_0_bypass[14]        ; Merged with memory_8_by_32:ramA|Z_rtl_0_bypass[12]   ;
; memory_8_by_32:ramA|Z_rtl_0_bypass[2]         ; Merged with reg:MarA|output[0]                       ;
; memory_8_by_32:ramA|Z_rtl_0_bypass[4]         ; Merged with reg:MarA|output[1]                       ;
; memory_8_by_32:ramA|Z_rtl_0_bypass[6]         ; Merged with reg:MarA|output[2]                       ;
; memory_8_by_32:ramA|Z_rtl_0_bypass[8]         ; Merged with reg:MarA|output[3]                       ;
; memory_8_by_32:ramA|Z_rtl_0_bypass[10]        ; Merged with reg:MarA|output[4]                       ;
; ProgramCounter:ProgramCounterA|counter[8..31] ; Lost fanout                                          ;
; Total Number of Removed Registers = 41        ;                                                      ;
+-----------------------------------------------+------------------------------------------------------+


+------------------------------------------------------+
; General Register Statistics                          ;
+----------------------------------------------+-------+
; Statistic                                    ; Value ;
+----------------------------------------------+-------+
; Total registers                              ; 87    ;
; Number of registers using Synchronous Clear  ; 0     ;
; Number of registers using Synchronous Load   ; 0     ;
; Number of registers using Asynchronous Clear ; 0     ;
; Number of registers using Asynchronous Load  ; 0     ;
; Number of registers using Clock Enable       ; 56    ;
; Number of registers using Preset             ; 0     ;
+----------------------------------------------+-------+


+--------------------------------------------------+
; Inverted Register Statistics                     ;
+----------------------------------------+---------+
; Inverted Register                      ; Fan out ;
+----------------------------------------+---------+
; memory_8_by_32:ramA|Z_rtl_0_bypass[12] ; 1       ;
; memory_8_by_32:ramA|Z_rtl_0_bypass[11] ; 1       ;
; memory_8_by_32:ramA|Z_rtl_0_bypass[15] ; 1       ;
; Total number of inverted registers = 3 ;         ;
+----------------------------------------+---------+


+----------------------------------------------------------------------+
; Registers Added for RAM Pass-Through Logic                           ;
+----------------------------------------+-----------------------------+
; Register Name                          ; RAM Name                    ;
+----------------------------------------+-----------------------------+
; memory_8_by_32:ramA|Z_rtl_0_bypass[0]  ; memory_8_by_32:ramA|Z_rtl_0 ;
; memory_8_by_32:ramA|Z_rtl_0_bypass[1]  ; memory_8_by_32:ramA|Z_rtl_0 ;
; memory_8_by_32:ramA|Z_rtl_0_bypass[2]  ; memory_8_by_32:ramA|Z_rtl_0 ;
; memory_8_by_32:ramA|Z_rtl_0_bypass[3]  ; memory_8_by_32:ramA|Z_rtl_0 ;
; memory_8_by_32:ramA|Z_rtl_0_bypass[4]  ; memory_8_by_32:ramA|Z_rtl_0 ;
; memory_8_by_32:ramA|Z_rtl_0_bypass[5]  ; memory_8_by_32:ramA|Z_rtl_0 ;
; memory_8_by_32:ramA|Z_rtl_0_bypass[6]  ; memory_8_by_32:ramA|Z_rtl_0 ;
; memory_8_by_32:ramA|Z_rtl_0_bypass[7]  ; memory_8_by_32:ramA|Z_rtl_0 ;
; memory_8_by_32:ramA|Z_rtl_0_bypass[8]  ; memory_8_by_32:ramA|Z_rtl_0 ;
; memory_8_by_32:ramA|Z_rtl_0_bypass[9]  ; memory_8_by_32:ramA|Z_rtl_0 ;
; memory_8_by_32:ramA|Z_rtl_0_bypass[10] ; memory_8_by_32:ramA|Z_rtl_0 ;
; memory_8_by_32:ramA|Z_rtl_0_bypass[11] ; memory_8_by_32:ramA|Z_rtl_0 ;
; memory_8_by_32:ramA|Z_rtl_0_bypass[12] ; memory_8_by_32:ramA|Z_rtl_0 ;
; memory_8_by_32:ramA|Z_rtl_0_bypass[13] ; memory_8_by_32:ramA|Z_rtl_0 ;
; memory_8_by_32:ramA|Z_rtl_0_bypass[14] ; memory_8_by_32:ramA|Z_rtl_0 ;
; memory_8_by_32:ramA|Z_rtl_0_bypass[15] ; memory_8_by_32:ramA|Z_rtl_0 ;
; memory_8_by_32:ramA|Z_rtl_0_bypass[16] ; memory_8_by_32:ramA|Z_rtl_0 ;
; memory_8_by_32:ramA|Z_rtl_0_bypass[17] ; memory_8_by_32:ramA|Z_rtl_0 ;
; memory_8_by_32:ramA|Z_rtl_0_bypass[18] ; memory_8_by_32:ramA|Z_rtl_0 ;
; memory_8_by_32:ramA|Z_rtl_0_bypass[19] ; memory_8_by_32:ramA|Z_rtl_0 ;
; memory_8_by_32:ramA|Z_rtl_0_bypass[20] ; memory_8_by_32:ramA|Z_rtl_0 ;
; memory_8_by_32:ramA|Z_rtl_0_bypass[21] ; memory_8_by_32:ramA|Z_rtl_0 ;
; memory_8_by_32:ramA|Z_rtl_0_bypass[22] ; memory_8_by_32:ramA|Z_rtl_0 ;
; memory_8_by_32:ramA|Z_rtl_0_bypass[23] ; memory_8_by_32:ramA|Z_rtl_0 ;
; memory_8_by_32:ramA|Z_rtl_0_bypass[24] ; memory_8_by_32:ramA|Z_rtl_0 ;
; memory_8_by_32:ramA|Z_rtl_0_bypass[25] ; memory_8_by_32:ramA|Z_rtl_0 ;
; memory_8_by_32:ramA|Z_rtl_0_bypass[26] ; memory_8_by_32:ramA|Z_rtl_0 ;
+----------------------------------------+-----------------------------+


+--------------------------------------------------------------------------------------------------------------------------------------------------------------------------+
; Multiplexer Restructuring Statistics (Restructuring Performed)                                                                                                           ;
+--------------------+-----------+---------------+----------------------+------------------------+------------+------------------------------------------------------------+
; Multiplexer Inputs ; Bus Width ; Baseline Area ; Area if Restructured ; Saving if Restructured ; Registered ; Example Multiplexer Output                                 ;
+--------------------+-----------+---------------+----------------------+------------------------+------------+------------------------------------------------------------+
; 4:1                ; 8 bits    ; 16 LEs        ; 16 LEs               ; 0 LEs                  ; No         ; |SimpleCPU_Template|alu:aluA|output[0]                     ;
; 3:1                ; 2 bits    ; 4 LEs         ; 2 LEs                ; 2 LEs                  ; No         ; |SimpleCPU_Template|ControlUnit:ControlUnitA|current_state ;
+--------------------+-----------+---------------+----------------------+------------------------+------------+------------------------------------------------------------+


+----------------------------------------------------------------------------------------------+
; Source assignments for memory_8_by_32:ramA|altsyncram:Z_rtl_0|altsyncram_bfo1:auto_generated ;
+---------------------------------+--------------------+------+--------------------------------+
; Assignment                      ; Value              ; From ; To                             ;
+---------------------------------+--------------------+------+--------------------------------+
; OPTIMIZE_POWER_DURING_SYNTHESIS ; NORMAL_COMPILATION ; -    ; -                              ;
+---------------------------------+--------------------+------+--------------------------------+


+------------------------------------------------------------------------------------------------------------------+
; Parameter Settings for Inferred Entity Instance: memory_8_by_32:ramA|altsyncram:Z_rtl_0                          ;
+------------------------------------+------------------------------------------------------------+----------------+
; Parameter Name                     ; Value                                                      ; Type           ;
+------------------------------------+------------------------------------------------------------+----------------+
; BYTE_SIZE_BLOCK                    ; 8                                                          ; Untyped        ;
; AUTO_CARRY_CHAINS                  ; ON                                                         ; AUTO_CARRY     ;
; IGNORE_CARRY_BUFFERS               ; OFF                                                        ; IGNORE_CARRY   ;
; AUTO_CASCADE_CHAINS                ; ON                                                         ; AUTO_CASCADE   ;
; IGNORE_CASCADE_BUFFERS             ; OFF                                                        ; IGNORE_CASCADE ;
; WIDTH_BYTEENA                      ; 1                                                          ; Untyped        ;
; OPERATION_MODE                     ; DUAL_PORT                                                  ; Untyped        ;
; WIDTH_A                            ; 8                                                          ; Untyped        ;
; WIDTHAD_A                          ; 5                                                          ; Untyped        ;
; NUMWORDS_A                         ; 32                                                         ; Untyped        ;
; OUTDATA_REG_A                      ; UNREGISTERED                                               ; Untyped        ;
; ADDRESS_ACLR_A                     ; NONE                                                       ; Untyped        ;
; OUTDATA_ACLR_A                     ; NONE                                                       ; Untyped        ;
; WRCONTROL_ACLR_A                   ; NONE                                                       ; Untyped        ;
; INDATA_ACLR_A                      ; NONE                                                       ; Untyped        ;
; BYTEENA_ACLR_A                     ; NONE                                                       ; Untyped        ;
; WIDTH_B                            ; 8                                                          ; Untyped        ;
; WIDTHAD_B                          ; 5                                                          ; Untyped        ;
; NUMWORDS_B                         ; 32                                                         ; Untyped        ;
; INDATA_REG_B                       ; CLOCK1                                                     ; Untyped        ;
; WRCONTROL_WRADDRESS_REG_B          ; CLOCK1                                                     ; Untyped        ;
; RDCONTROL_REG_B                    ; CLOCK1                                                     ; Untyped        ;
; ADDRESS_REG_B                      ; CLOCK0                                                     ; Untyped        ;
; OUTDATA_REG_B                      ; UNREGISTERED                                               ; Untyped        ;
; BYTEENA_REG_B                      ; CLOCK1                                                     ; Untyped        ;
; INDATA_ACLR_B                      ; NONE                                                       ; Untyped        ;
; WRCONTROL_ACLR_B                   ; NONE                                                       ; Untyped        ;
; ADDRESS_ACLR_B                     ; NONE                                                       ; Untyped        ;
; OUTDATA_ACLR_B                     ; NONE                                                       ; Untyped        ;
; RDCONTROL_ACLR_B                   ; NONE                                                       ; Untyped        ;
; BYTEENA_ACLR_B                     ; NONE                                                       ; Untyped        ;
; WIDTH_BYTEENA_A                    ; 1                                                          ; Untyped        ;
; WIDTH_BYTEENA_B                    ; 1                                                          ; Untyped        ;
; RAM_BLOCK_TYPE                     ; AUTO                                                       ; Untyped        ;
; BYTE_SIZE                          ; 8                                                          ; Untyped        ;
; READ_DURING_WRITE_MODE_MIXED_PORTS ; OLD_DATA                                                   ; Untyped        ;
; READ_DURING_WRITE_MODE_PORT_A      ; NEW_DATA_NO_NBE_READ                                       ; Untyped        ;
; READ_DURING_WRITE_MODE_PORT_B      ; NEW_DATA_NO_NBE_READ                                       ; Untyped        ;
; INIT_FILE                          ; db/SimpleCPU_Template.ram0_memory_8_by_32_5fcc3761.hdl.mif ; Untyped        ;
; INIT_FILE_LAYOUT                   ; PORT_A                                                     ; Untyped        ;
; MAXIMUM_DEPTH                      ; 0                                                          ; Untyped        ;
; CLOCK_ENABLE_INPUT_A               ; NORMAL                                                     ; Untyped        ;
; CLOCK_ENABLE_INPUT_B               ; NORMAL                                                     ; Untyped        ;
; CLOCK_ENABLE_OUTPUT_A              ; NORMAL                                                     ; Untyped        ;
; CLOCK_ENABLE_OUTPUT_B              ; NORMAL                                                     ; Untyped        ;
; CLOCK_ENABLE_CORE_A                ; USE_INPUT_CLKEN                                            ; Untyped        ;
; CLOCK_ENABLE_CORE_B                ; USE_INPUT_CLKEN                                            ; Untyped        ;
; ENABLE_ECC                         ; FALSE                                                      ; Untyped        ;
; ECC_PIPELINE_STAGE_ENABLED         ; FALSE                                                      ; Untyped        ;
; WIDTH_ECCSTATUS                    ; 3                                                          ; Untyped        ;
; DEVICE_FAMILY                      ; Cyclone II                                                 ; Untyped        ;
; CBXI_PARAMETER                     ; altsyncram_bfo1                                            ; Untyped        ;
+------------------------------------+------------------------------------------------------------+----------------+
Note: In order to hide this table in the UI and the text report file, please set the "Show Parameter Settings in Synthesis Report" option in "Analysis and Synthesis Settings -> More Settings" to "Off".


+------------------------------------------------------------------------------------+
; altsyncram Parameter Settings by Entity Instance                                   ;
+-------------------------------------------+----------------------------------------+
; Name                                      ; Value                                  ;
+-------------------------------------------+----------------------------------------+
; Number of entity instances                ; 1                                      ;
; Entity Instance                           ; memory_8_by_32:ramA|altsyncram:Z_rtl_0 ;
;     -- OPERATION_MODE                     ; DUAL_PORT                              ;
;     -- WIDTH_A                            ; 8                                      ;
;     -- NUMWORDS_A                         ; 32                                     ;
;     -- OUTDATA_REG_A                      ; UNREGISTERED                           ;
;     -- WIDTH_B                            ; 8                                      ;
;     -- NUMWORDS_B                         ; 32                                     ;
;     -- ADDRESS_REG_B                      ; CLOCK0                                 ;
;     -- OUTDATA_REG_B                      ; UNREGISTERED                           ;
;     -- RAM_BLOCK_TYPE                     ; AUTO                                   ;
;     -- READ_DURING_WRITE_MODE_MIXED_PORTS ; OLD_DATA                               ;
+-------------------------------------------+----------------------------------------+


+------------------------------------------------------------------------------------------------------------------------+
; Port Connectivity Checks: "reg:MarA"                                                                                   ;
+--------------+--------+----------+-------------------------------------------------------------------------------------+
; Port         ; Type   ; Severity ; Details                                                                             ;
+--------------+--------+----------+-------------------------------------------------------------------------------------+
; output[7..5] ; Output ; Info     ; Connected to dangling logic. Logic that only feeds a dangling port will be removed. ;
+--------------+--------+----------+-------------------------------------------------------------------------------------+


+-------------------------------+
; Elapsed Time Per Partition    ;
+----------------+--------------+
; Partition Name ; Elapsed Time ;
+----------------+--------------+
; Top            ; 00:00:00     ;
+----------------+--------------+


+-------------------------------+
; Analysis & Synthesis Messages ;
+-------------------------------+
Info: *******************************************************************
Info: Running Quartus II 64-Bit Analysis & Synthesis
    Info: Version 13.0.1 Build 232 06/12/2013 Service Pack 1 SJ Web Edition
    Info: Processing started: Tue Apr 28 11:22:32 2020
Info: Command: quartus_map --read_settings_files=on --write_settings_files=off SimpleCPU_Template -c SimpleCPU_Template
Warning (20028): Parallel compilation is not licensed and has been disabled
Info (12021): Found 2 design units, including 1 entities, in source file simplecpu_template.vhd
    Info (12022): Found design unit 1: SimpleCPU_Template-behavior
    Info (12023): Found entity 1: SimpleCPU_Template
Info (12127): Elaborating entity "SimpleCPU_Template" for the top level hierarchy
Critical Warning (10920): VHDL Incomplete Partial Association warning at SimpleCPU_Template.vhd(185): port or argument "output" has 3/8 unassociated elements
Warning (12125): Using design file memory_8_by_32.vhd, which is not specified as a design file for the current project, but contains definitions for 2 design units and 1 entities in project
    Info (12022): Found design unit 1: memory_8_by_32-behavior
    Info (12023): Found entity 1: memory_8_by_32
Info (12128): Elaborating entity "memory_8_by_32" for hierarchy "memory_8_by_32:ramA"
Warning (12125): Using design file reg.vhd, which is not specified as a design file for the current project, but contains definitions for 2 design units and 1 entities in project
    Info (12022): Found design unit 1: reg-behavior
    Info (12023): Found entity 1: reg
Info (12128): Elaborating entity "reg" for hierarchy "reg:accumA"
Warning (12125): Using design file alu.vhd, which is not specified as a design file for the current project, but contains definitions for 2 design units and 1 entities in project
    Info (12022): Found design unit 1: alu-behavior
    Info (12023): Found entity 1: alu
Info (12128): Elaborating entity "alu" for hierarchy "alu:aluA"
Warning (10631): VHDL Process Statement warning at alu.vhd(21): inferring latch(es) for signal or variable "output", which holds its previous value in one or more paths through the process
Info (10041): Inferred latch for "output[0]" at alu.vhd(21)
Info (10041): Inferred latch for "output[1]" at alu.vhd(21)
Info (10041): Inferred latch for "output[2]" at alu.vhd(21)
Info (10041): Inferred latch for "output[3]" at alu.vhd(21)
Info (10041): Inferred latch for "output[4]" at alu.vhd(21)
Info (10041): Inferred latch for "output[5]" at alu.vhd(21)
Info (10041): Inferred latch for "output[6]" at alu.vhd(21)
Info (10041): Inferred latch for "output[7]" at alu.vhd(21)
Warning (12125): Using design file programcounter.vhd, which is not specified as a design file for the current project, but contains definitions for 2 design units and 1 entities in project
    Info (12022): Found design unit 1: ProgramCounter-behavior
    Info (12023): Found entity 1: ProgramCounter
Info (12128): Elaborating entity "ProgramCounter" for hierarchy "ProgramCounter:ProgramCounterA"
Warning (12125): Using design file twotoonemux.vhd, which is not specified as a design file for the current project, but contains definitions for 2 design units and 1 entities in project
    Info (12022): Found design unit 1: TwoToOneMux-behavior
    Info (12023): Found entity 1: TwoToOneMux
Info (12128): Elaborating entity "TwoToOneMux" for hierarchy "TwoToOneMux:MuxA"
Warning (10631): VHDL Process Statement warning at twotoonemux.vhd(19): inferring latch(es) for signal or variable "output", which holds its previous value in one or more paths through the process
Info (10041): Inferred latch for "output[0]" at twotoonemux.vhd(19)
Info (10041): Inferred latch for "output[1]" at twotoonemux.vhd(19)
Info (10041): Inferred latch for "output[2]" at twotoonemux.vhd(19)
Info (10041): Inferred latch for "output[3]" at twotoonemux.vhd(19)
Info (10041): Inferred latch for "output[4]" at twotoonemux.vhd(19)
Info (10041): Inferred latch for "output[5]" at twotoonemux.vhd(19)
Info (10041): Inferred latch for "output[6]" at twotoonemux.vhd(19)
Info (10041): Inferred latch for "output[7]" at twotoonemux.vhd(19)
Warning (12125): Using design file controlunit.vhd, which is not specified as a design file for the current project, but contains definitions for 2 design units and 1 entities in project
    Info (12022): Found design unit 1: ControlUnit-behavior
    Info (12023): Found entity 1: ControlUnit
Info (12128): Elaborating entity "ControlUnit" for hierarchy "ControlUnit:ControlUnitA"
Warning (276020): Inferred RAM node "memory_8_by_32:ramA|Z_rtl_0" from synchronous design logic.  Pass-through logic has been added to match the read-during-write behavior of the original design.
Warning (14026): LATCH primitive "alu:aluA|output[0]" is permanently enabled
Warning (14026): LATCH primitive "alu:aluA|output[1]" is permanently enabled
Warning (14026): LATCH primitive "alu:aluA|output[2]" is permanently enabled
Warning (14026): LATCH primitive "alu:aluA|output[3]" is permanently enabled
Warning (14026): LATCH primitive "alu:aluA|output[4]" is permanently enabled
Warning (14026): LATCH primitive "alu:aluA|output[5]" is permanently enabled
Warning (14026): LATCH primitive "alu:aluA|output[6]" is permanently enabled
Warning (14026): LATCH primitive "alu:aluA|output[7]" is permanently enabled
Info (19000): Inferred 1 megafunctions from design logic
    Info (276029): Inferred altsyncram megafunction from the following design logic: "memory_8_by_32:ramA|Z_rtl_0" 
        Info (286033): Parameter OPERATION_MODE set to DUAL_PORT
        Info (286033): Parameter WIDTH_A set to 8
        Info (286033): Parameter WIDTHAD_A set to 5
        Info (286033): Parameter NUMWORDS_A set to 32
        Info (286033): Parameter WIDTH_B set to 8
        Info (286033): Parameter WIDTHAD_B set to 5
        Info (286033): Parameter NUMWORDS_B set to 32
        Info (286033): Parameter ADDRESS_ACLR_A set to NONE
        Info (286033): Parameter OUTDATA_REG_B set to UNREGISTERED
        Info (286033): Parameter ADDRESS_ACLR_B set to NONE
        Info (286033): Parameter OUTDATA_ACLR_B set to NONE
        Info (286033): Parameter ADDRESS_REG_B set to CLOCK0
        Info (286033): Parameter INDATA_ACLR_A set to NONE
        Info (286033): Parameter WRCONTROL_ACLR_A set to NONE
        Info (286033): Parameter INIT_FILE set to db/SimpleCPU_Template.ram0_memory_8_by_32_5fcc3761.hdl.mif
        Info (286033): Parameter READ_DURING_WRITE_MODE_MIXED_PORTS set to OLD_DATA
Info (12130): Elaborated megafunction instantiation "memory_8_by_32:ramA|altsyncram:Z_rtl_0"
Info (12133): Instantiated megafunction "memory_8_by_32:ramA|altsyncram:Z_rtl_0" with the following parameter:
    Info (12134): Parameter "OPERATION_MODE" = "DUAL_PORT"
    Info (12134): Parameter "WIDTH_A" = "8"
    Info (12134): Parameter "WIDTHAD_A" = "5"
    Info (12134): Parameter "NUMWORDS_A" = "32"
    Info (12134): Parameter "WIDTH_B" = "8"
    Info (12134): Parameter "WIDTHAD_B" = "5"
    Info (12134): Parameter "NUMWORDS_B" = "32"
    Info (12134): Parameter "ADDRESS_ACLR_A" = "NONE"
    Info (12134): Parameter "OUTDATA_REG_B" = "UNREGISTERED"
    Info (12134): Parameter "ADDRESS_ACLR_B" = "NONE"
    Info (12134): Parameter "OUTDATA_ACLR_B" = "NONE"
    Info (12134): Parameter "ADDRESS_REG_B" = "CLOCK0"
    Info (12134): Parameter "INDATA_ACLR_A" = "NONE"
    Info (12134): Parameter "WRCONTROL_ACLR_A" = "NONE"
    Info (12134): Parameter "INIT_FILE" = "db/SimpleCPU_Template.ram0_memory_8_by_32_5fcc3761.hdl.mif"
    Info (12134): Parameter "READ_DURING_WRITE_MODE_MIXED_PORTS" = "OLD_DATA"
Info (12021): Found 1 design units, including 1 entities, in source file db/altsyncram_bfo1.tdf
    Info (12023): Found entity 1: altsyncram_bfo1
Warning (13024): Output pins are stuck at VCC or GND
    Warning (13410): Pin "marOut[5]" is stuck at GND
    Warning (13410): Pin "marOut[6]" is stuck at GND
    Warning (13410): Pin "marOut[7]" is stuck at GND
Info (17049): 24 registers lost all their fanouts during netlist optimizations.
Info (16010): Generating hard_block partition "hard_block:auto_generated_inst"
    Info (16011): Adding 0 node(s), including 0 DDIO, 0 PLL, 0 transceiver and 0 LCELL
Info (21057): Implemented 186 device resources after synthesis - the final resource count might be different
    Info (21058): Implemented 1 input pins
    Info (21059): Implemented 49 output pins
    Info (21061): Implemented 128 logic cells
    Info (21064): Implemented 8 RAM segments
Info: Quartus II 64-Bit Analysis & Synthesis was successful. 0 errors, 23 warnings
    Info: Peak virtual memory: 4661 megabytes
    Info: Processing ended: Tue Apr 28 11:22:34 2020
    Info: Elapsed time: 00:00:02
    Info: Total CPU time (on all processors): 00:00:02


